<?xml version="1.0" encoding="UTF-8"?>
<!-- Generated by org.testng.reporters.JUnitXMLReporter -->
<testsuite ignored="0" hostname="DESKTOP-0FOOI6C" failures="0" tests="6" name="Surefire test" time="0.082" errors="0" timestamp="26 Mar 2021 17:12:06 GMT">
  <testcase classname="qaclickacademy.APITest" name="deleteTwitter" time="0.008"/>
  <testcase classname="qaclickacademy.APITest" name="postJira" time="0.0"/>
  <testcase classname="qaclickacademy.AppiumTest" name="IOSApps" time="0.0"/>
  <testcase classname="qaclickacademy.AppiumTest" name="NativeAppAndriod" time="0.0"/>
  <testcase classname="qaclickacademy.SeleniumTest" name="BrowserAutomation" time="0.001"/>
  <testcase classname="qaclickacademy.SeleniumTest" name="elementsUI" time="0.0"/>
</testsuite> <!-- Surefire test -->
