<?xml version="1.0" encoding="UTF-8"?>
<testng-results ignored="0" total="6" passed="6" failed="0" skipped="0">
  <reporter-output>
  </reporter-output>
  <suite started-at="2021-03-26T17:12:05Z" name="Surefire suite" finished-at="2021-03-26T17:12:05Z" duration-ms="82">
    <groups>
    </groups>
    <test started-at="2021-03-26T17:12:05Z" name="Surefire test" finished-at="2021-03-26T17:12:05Z" duration-ms="82">
      <class name="qaclickacademy.AppiumTest">
        <test-method signature="IOSApps()[pri:0, instance:qaclickacademy.AppiumTest@1189dd52]" started-at="2021-03-26T22:42:05Z" name="IOSApps" finished-at="2021-03-26T22:42:05Z" duration-ms="0" status="PASS">
          <reporter-output>
          </reporter-output>
        </test-method> <!-- IOSApps -->
        <test-method signature="NativeAppAndriod()[pri:0, instance:qaclickacademy.AppiumTest@1189dd52]" started-at="2021-03-26T22:42:05Z" name="NativeAppAndriod" finished-at="2021-03-26T22:42:05Z" duration-ms="0" status="PASS">
          <reporter-output>
          </reporter-output>
        </test-method> <!-- NativeAppAndriod -->
      </class> <!-- qaclickacademy.AppiumTest -->
      <class name="qaclickacademy.APITest">
        <test-method signature="deleteTwitter()[pri:0, instance:qaclickacademy.APITest@79e2c065]" started-at="2021-03-26T22:42:05Z" name="deleteTwitter" finished-at="2021-03-26T22:42:05Z" duration-ms="8" status="PASS">
          <reporter-output>
          </reporter-output>
        </test-method> <!-- deleteTwitter -->
        <test-method signature="postJira()[pri:0, instance:qaclickacademy.APITest@79e2c065]" started-at="2021-03-26T22:42:05Z" name="postJira" finished-at="2021-03-26T22:42:05Z" duration-ms="0" status="PASS">
          <reporter-output>
          </reporter-output>
        </test-method> <!-- postJira -->
      </class> <!-- qaclickacademy.APITest -->
      <class name="qaclickacademy.SeleniumTest">
        <test-method signature="BrowserAutomation()[pri:0, instance:qaclickacademy.SeleniumTest@36bc55de]" started-at="2021-03-26T22:42:05Z" name="BrowserAutomation" finished-at="2021-03-26T22:42:05Z" duration-ms="1" status="PASS">
          <reporter-output>
          </reporter-output>
        </test-method> <!-- BrowserAutomation -->
        <test-method signature="elementsUI()[pri:0, instance:qaclickacademy.SeleniumTest@36bc55de]" started-at="2021-03-26T22:42:05Z" name="elementsUI" finished-at="2021-03-26T22:42:05Z" duration-ms="0" status="PASS">
          <reporter-output>
          </reporter-output>
        </test-method> <!-- elementsUI -->
      </class> <!-- qaclickacademy.SeleniumTest -->
    </test> <!-- Surefire test -->
  </suite> <!-- Surefire suite -->
</testng-results>
