<?xml version="1.0" encoding="UTF-8"?>
<testng-results total="2" passed="2" failed="0" skipped="0">
  <reporter-output>
  </reporter-output>
  <suite started-at="2021-03-26T13:41:07Z" name="Default suite" finished-at="2021-03-26T13:41:07Z" duration-ms="43">
    <groups>
    </groups>
    <test started-at="2021-03-26T13:41:07Z" name="Default test" finished-at="2021-03-26T13:41:07Z" duration-ms="43">
      <class name="qaclickacademy.SeleniumTest">
        <test-method signature="BrowserAutomation()[pri:0, instance:qaclickacademy.SeleniumTest@3ddc6915]" started-at="2021-03-26T19:11:07Z" name="BrowserAutomation" finished-at="2021-03-26T19:11:07Z" duration-ms="17" status="PASS">
          <reporter-output>
          </reporter-output>
        </test-method> <!-- BrowserAutomation -->
        <test-method signature="elementsUI()[pri:0, instance:qaclickacademy.SeleniumTest@3ddc6915]" started-at="2021-03-26T19:11:07Z" name="elementsUI" finished-at="2021-03-26T19:11:07Z" duration-ms="4" status="PASS">
          <reporter-output>
          </reporter-output>
        </test-method> <!-- elementsUI -->
      </class> <!-- qaclickacademy.SeleniumTest -->
    </test> <!-- Default test -->
  </suite> <!-- Default suite -->
</testng-results>
